<?xml version="1.0" encoding="UTF-8"?>
<testsuite name="io.polyhx.lhgames.deserializer.TileDeserializerTest" tests="1" skipped="0" failures="0" errors="0" timestamp="2018-10-06T03:16:17" hostname="Maxwell" time="0.005">
  <properties/>
  <testcase name="deserialize" classname="io.polyhx.lhgames.deserializer.TileDeserializerTest" time="0.005"/>
  <system-out><![CDATA[Resource tile doesn't have three parameters: [4.0, 5000.0]
Resource tile doesn't have three parameters: [4.0, 5000.0, 4.0, 5.0]
]]></system-out>
  <system-err><![CDATA[]]></system-err>
</testsuite>
