<?xml version="1.0" encoding="UTF-8"?>
<testsuite name="io.polyhx.lhgames.game.MapTest" tests="1" skipped="0" failures="0" errors="0" timestamp="2018-10-06T03:16:17" hostname="Maxwell" time="0.001">
  <properties/>
  <testcase name="getTile" classname="io.polyhx.lhgames.game.MapTest" time="0.001"/>
  <system-out><![CDATA[]]></system-out>
  <system-err><![CDATA[]]></system-err>
</testsuite>
