<?xml version="1.0" encoding="UTF-8"?>
<testsuite name="io.polyhx.lhgames.deserializer.PlayerDeserializerTest" tests="1" skipped="0" failures="0" errors="0" timestamp="2018-10-06T03:16:17" hostname="Maxwell" time="0.004">
  <properties/>
  <testcase name="deserialize" classname="io.polyhx.lhgames.deserializer.PlayerDeserializerTest" time="0.004"/>
  <system-out><![CDATA[]]></system-out>
  <system-err><![CDATA[]]></system-err>
</testsuite>
