<?xml version="1.0" encoding="UTF-8"?>
<testsuite name="io.polyhx.lhgames.deserializer.MapDeserializerTest" tests="1" skipped="0" failures="0" errors="0" timestamp="2018-10-06T03:16:17" hostname="Maxwell" time="0.042">
  <properties/>
  <testcase name="deserialize" classname="io.polyhx.lhgames.deserializer.MapDeserializerTest" time="0.042"/>
  <system-out><![CDATA[]]></system-out>
  <system-err><![CDATA[]]></system-err>
</testsuite>
