<?xml version="1.0" encoding="UTF-8"?>
<testsuite name="io.polyhx.lhgames.serializer.ActionSerializerTest" tests="1" skipped="0" failures="0" errors="0" timestamp="2018-10-06T03:16:17" hostname="Maxwell" time="0.008">
  <properties/>
  <testcase name="serialize" classname="io.polyhx.lhgames.serializer.ActionSerializerTest" time="0.008"/>
  <system-out><![CDATA[]]></system-out>
  <system-err><![CDATA[]]></system-err>
</testsuite>
